TN:
SF:/Users/ens/pwd/uxcore/uxcore-form-row/src/index.js
FN:12,_interopRequireDefault
FNF:1
FNH:1
FNDA:1,_interopRequireDefault
DA:3,1
DA:6,1
DA:8,1
DA:10,1
DA:12,1
DA:14,1
DA:22,1
LF:7
LH:7
BRDA:12,1,0,0
BRDA:12,1,1,1
BRDA:12,2,0,1
BRDA:12,2,1,1
BRF:4
BRH:3
end_of_record
TN:
SF:/Users/ens/pwd/uxcore/uxcore-form-row/src/FormRow.jsx
FN:23,_interopRequireDefault
FN:25,_defaults
FN:27,_defineProperty
FN:29,_classCallCheck
FN:31,_possibleConstructorReturn
FN:33,_inherits
FN:35,(anonymous_7)
FN:38,FormRow
FN:48,processChild
FN:59,(anonymous_10)
FN:82,render
FN:94,(anonymous_12)
FNF:12
FNH:12
FNDA:4,_interopRequireDefault
FNDA:1,_defaults
FNDA:4,_defineProperty
FNDA:2,_classCallCheck
FNDA:2,_possibleConstructorReturn
FNDA:1,_inherits
FNDA:1,(anonymous_7)
FNDA:2,FormRow
FNDA:2,processChild
FNDA:1,(anonymous_10)
FNDA:2,render
FNDA:1,(anonymous_12)
DA:3,1
DA:7,1
DA:9,1
DA:11,1
DA:13,1
DA:15,1
DA:17,1
DA:19,1
DA:21,1
DA:23,4
DA:25,5
DA:27,4
DA:29,2
DA:31,2
DA:33,1
DA:35,1
DA:36,1
DA:38,1
DA:39,2
DA:41,2
DA:43,2
DA:44,2
DA:45,2
DA:48,1
DA:49,2
DA:51,2
DA:52,2
DA:53,2
DA:54,2
DA:55,2
DA:56,1
DA:57,1
DA:59,1
DA:61,1
DA:62,1
DA:63,1
DA:64,1
DA:65,1
DA:67,1
DA:68,1
DA:69,1
DA:71,1
DA:76,1
DA:77,1
DA:79,1
DA:82,1
DA:83,2
DA:86,2
DA:87,2
DA:88,2
DA:89,2
DA:95,1
DA:96,1
DA:117,1
DA:120,1
DA:124,1
DA:128,1
DA:130,1
DA:131,1
LF:59
LH:59
BRDA:23,1,0,0
BRDA:23,1,1,4
BRDA:23,2,0,4
BRDA:23,2,1,4
BRDA:25,3,0,0
BRDA:25,3,1,5
BRDA:25,4,0,5
BRDA:25,4,1,5
BRDA:25,4,2,0
BRDA:27,5,0,0
BRDA:27,5,1,4
BRDA:29,6,0,0
BRDA:29,6,1,2
BRDA:31,7,0,0
BRDA:31,7,1,2
BRDA:31,8,0,0
BRDA:31,8,1,2
BRDA:31,9,0,2
BRDA:31,9,1,0
BRDA:31,9,2,0
BRDA:33,10,0,0
BRDA:33,10,1,1
BRDA:33,11,0,1
BRDA:33,11,1,0
BRDA:33,12,0,1
BRDA:33,12,1,1
BRDA:33,13,0,1
BRDA:33,13,1,0
BRDA:33,14,0,0
BRDA:33,14,1,1
BRDA:55,15,0,1
BRDA:55,15,1,1
BRDA:61,16,0,1
BRDA:61,16,1,0
BRDA:63,17,0,1
BRDA:63,17,1,1
BRDA:64,18,0,1
BRDA:64,18,1,0
BRDA:67,19,0,1
BRDA:67,19,1,0
BRDA:68,20,0,1
BRDA:68,20,1,0
BRDA:69,21,0,1
BRDA:69,21,1,0
BRDA:76,22,0,1
BRDA:76,22,1,0
BRDA:88,23,0,2
BRDA:88,23,1,2
BRDA:94,24,0,2
BRDA:94,24,1,1
BRDA:102,25,0,1
BRDA:102,25,1,1
BRF:52
BRH:33
end_of_record
